
3월 29, 2022 12:08:57.63 NEW SESSION
3월 29, 2022 12:08:57.63 [109276:114988:0329/120857.062:ERROR:device_event_log_impl.cc(214)] [12:08:57.062] USB: usb_device_handle_win.cc:1049 Failed to read descriptor from node connection: 시스템에 부착된 장치가 작동하지 않습니다. (0x1F)
3월 29, 2022 12:08:57.65 [109276:114988:0329/120857.065:ERROR:device_event_log_impl.cc(214)] [12:08:57.065] USB: usb_device_handle_win.cc:1049 Failed to read descriptor from node connection: 시스템에 부착된 장치가 작동하지 않습니다. (0x1F)
3월 29, 2022 12:08:57.68 [109276:114988:0329/120857.068:ERROR:device_event_log_impl.cc(214)] [12:08:57.069] Bluetooth: bluetooth_adapter_winrt.cc:1075 Getting Default Adapter failed.
3월 29, 2022 12:15:48.26 [116408:116152:0329/121548.026:ERROR:device_event_log_impl.cc(214)] [12:15:48.025] USB: usb_device_handle_win.cc:1049 Failed to read descriptor from node connection: 시스템에 부착된 장치가 작동하지 않습니다. (0x1F)
3월 29, 2022 12:15:48.28 [116408:116152:0329/121548.028:ERROR:device_event_log_impl.cc(214)] [12:15:48.028] USB: usb_device_handle_win.cc:1049 Failed to read descriptor from node connection: 시스템에 부착된 장치가 작동하지 않습니다. (0x1F)
3월 29, 2022 12:15:48.32 [116408:116152:0329/121548.032:ERROR:device_event_log_impl.cc(214)] [12:15:48.032] Bluetooth: bluetooth_adapter_winrt.cc:1075 Getting Default Adapter failed.
3월 29, 2022 12:28:12.457 [115956:114128:0329/122812.457:ERROR:device_event_log_impl.cc(214)] [12:28:12.456] USB: usb_device_handle_win.cc:1049 Failed to read descriptor from node connection: 시스템에 부착된 장치가 작동하지 않습니다. (0x1F)
3월 29, 2022 12:28:12.460 [115956:114128:0329/122812.460:ERROR:device_event_log_impl.cc(214)] [12:28:12.459] USB: usb_device_handle_win.cc:1049 Failed to read descriptor from node connection: 시스템에 부착된 장치가 작동하지 않습니다. (0x1F)
3월 29, 2022 12:28:12.466 [115956:114128:0329/122812.466:ERROR:device_event_log_impl.cc(214)] [12:28:12.465] Bluetooth: bluetooth_adapter_winrt.cc:1075 Getting Default Adapter failed.
3월 29, 2022 12:32:06.766 [117000:117008:0329/123206.766:ERROR:device_event_log_impl.cc(214)] [12:32:06.766] USB: usb_device_handle_win.cc:1049 Failed to read descriptor from node connection: 시스템에 부착된 장치가 작동하지 않습니다. (0x1F)
3월 29, 2022 12:32:06.769 [117000:117008:0329/123206.769:ERROR:device_event_log_impl.cc(214)] [12:32:06.769] USB: usb_device_handle_win.cc:1049 Failed to read descriptor from node connection: 시스템에 부착된 장치가 작동하지 않습니다. (0x1F)
3월 29, 2022 12:32:06.772 [117000:117008:0329/123206.772:ERROR:device_event_log_impl.cc(214)] [12:32:06.772] Bluetooth: bluetooth_adapter_winrt.cc:1075 Getting Default Adapter failed.
3월 29, 2022 12:33:22.297 [116696:116492:0329/123322.297:ERROR:device_event_log_impl.cc(214)] [12:33:22.296] USB: usb_device_handle_win.cc:1049 Failed to read descriptor from node connection: 시스템에 부착된 장치가 작동하지 않습니다. (0x1F)
3월 29, 2022 12:33:22.300 [116696:116492:0329/123322.299:ERROR:device_event_log_impl.cc(214)] [12:33:22.299] USB: usb_device_handle_win.cc:1049 Failed to read descriptor from node connection: 시스템에 부착된 장치가 작동하지 않습니다. (0x1F)
3월 29, 2022 12:33:22.303 [116696:116492:0329/123322.302:ERROR:device_event_log_impl.cc(214)] [12:33:22.302] Bluetooth: bluetooth_adapter_winrt.cc:1075 Getting Default Adapter failed.
3월 29, 2022 14:18:23.427 [122288:126196:0329/141823.426:ERROR:device_event_log_impl.cc(214)] [14:18:23.426] USB: usb_device_handle_win.cc:1049 Failed to read descriptor from node connection: 시스템에 부착된 장치가 작동하지 않습니다. (0x1F)
3월 29, 2022 14:18:23.429 [122288:126196:0329/141823.429:ERROR:device_event_log_impl.cc(214)] [14:18:23.429] USB: usb_device_handle_win.cc:1049 Failed to read descriptor from node connection: 시스템에 부착된 장치가 작동하지 않습니다. (0x1F)
3월 29, 2022 14:18:23.434 [122288:126196:0329/141823.433:ERROR:device_event_log_impl.cc(214)] [14:18:23.433] Bluetooth: bluetooth_adapter_winrt.cc:1075 Getting Default Adapter failed.
3월 29, 2022 14:40:26.263 [129104:129584:0329/144026.263:ERROR:device_event_log_impl.cc(214)] [14:40:26.263] USB: usb_device_handle_win.cc:1049 Failed to read descriptor from node connection: 시스템에 부착된 장치가 작동하지 않습니다. (0x1F)
3월 29, 2022 14:40:26.265 [129104:129584:0329/144026.265:ERROR:device_event_log_impl.cc(214)] [14:40:26.266] USB: usb_device_handle_win.cc:1049 Failed to read descriptor from node connection: 시스템에 부착된 장치가 작동하지 않습니다. (0x1F)
3월 29, 2022 14:40:26.266 [129104:129584:0329/144026.266:ERROR:device_event_log_impl.cc(214)] [14:40:26.267] Bluetooth: bluetooth_adapter_winrt.cc:1075 Getting Default Adapter failed.

3월 30, 2022 12:13:17.319 NEW SESSION
3월 30, 2022 12:13:17.319 [99872:140760:0330/121317.306:ERROR:device_event_log_impl.cc(214)] [12:13:17.307] USB: usb_device_handle_win.cc:1049 Failed to read descriptor from node connection: 시스템에 부착된 장치가 작동하지 않습니다. (0x1F)
3월 30, 2022 12:13:17.319 [99872:140760:0330/121317.309:ERROR:device_event_log_impl.cc(214)] [12:13:17.310] USB: usb_device_handle_win.cc:1049 Failed to read descriptor from node connection: 시스템에 부착된 장치가 작동하지 않습니다. (0x1F)
3월 30, 2022 12:13:17.320 [99872:140760:0330/121317.314:ERROR:device_event_log_impl.cc(214)] [12:13:17.314] Bluetooth: bluetooth_adapter_winrt.cc:1075 Getting Default Adapter failed.
3월 30, 2022 12:16:53.866 [139224:137792:0330/121653.866:ERROR:device_event_log_impl.cc(214)] [12:16:53.866] USB: usb_device_handle_win.cc:1049 Failed to read descriptor from node connection: 시스템에 부착된 장치가 작동하지 않습니다. (0x1F)
3월 30, 2022 12:16:53.869 [139224:137792:0330/121653.869:ERROR:device_event_log_impl.cc(214)] [12:16:53.869] USB: usb_device_handle_win.cc:1049 Failed to read descriptor from node connection: 시스템에 부착된 장치가 작동하지 않습니다. (0x1F)
3월 30, 2022 12:16:53.873 [139224:137792:0330/121653.873:ERROR:device_event_log_impl.cc(214)] [12:16:53.873] Bluetooth: bluetooth_adapter_winrt.cc:1075 Getting Default Adapter failed.
3월 30, 2022 12:40:55.628 [140172:137508:0330/124055.628:ERROR:device_event_log_impl.cc(214)] [12:40:55.627] USB: usb_device_handle_win.cc:1049 Failed to read descriptor from node connection: 시스템에 부착된 장치가 작동하지 않습니다. (0x1F)
3월 30, 2022 12:40:55.631 [140172:137508:0330/124055.630:ERROR:device_event_log_impl.cc(214)] [12:40:55.630] USB: usb_device_handle_win.cc:1049 Failed to read descriptor from node connection: 시스템에 부착된 장치가 작동하지 않습니다. (0x1F)
3월 30, 2022 12:40:55.636 [140172:137508:0330/124055.635:ERROR:device_event_log_impl.cc(214)] [12:40:55.635] Bluetooth: bluetooth_adapter_winrt.cc:1075 Getting Default Adapter failed.
3월 30, 2022 12:41:20.552 [142080:142084:0330/124120.551:ERROR:device_event_log_impl.cc(214)] [12:41:20.552] USB: usb_device_handle_win.cc:1049 Failed to read descriptor from node connection: 시스템에 부착된 장치가 작동하지 않습니다. (0x1F)
3월 30, 2022 12:41:20.555 [142080:142084:0330/124120.555:ERROR:device_event_log_impl.cc(214)] [12:41:20.555] USB: usb_device_handle_win.cc:1049 Failed to read descriptor from node connection: 시스템에 부착된 장치가 작동하지 않습니다. (0x1F)
3월 30, 2022 12:41:20.561 [142080:142084:0330/124120.560:ERROR:device_event_log_impl.cc(214)] [12:41:20.561] Bluetooth: bluetooth_adapter_winrt.cc:1075 Getting Default Adapter failed.
3월 30, 2022 12:43:20.106 [138164:88044:0330/124320.106:ERROR:device_event_log_impl.cc(214)] [12:43:20.106] USB: usb_device_handle_win.cc:1049 Failed to read descriptor from node connection: 시스템에 부착된 장치가 작동하지 않습니다. (0x1F)
3월 30, 2022 12:43:20.109 [138164:88044:0330/124320.108:ERROR:device_event_log_impl.cc(214)] [12:43:20.109] USB: usb_device_handle_win.cc:1049 Failed to read descriptor from node connection: 시스템에 부착된 장치가 작동하지 않습니다. (0x1F)
3월 30, 2022 12:43:20.114 [138164:88044:0330/124320.114:ERROR:device_event_log_impl.cc(214)] [12:43:20.114] Bluetooth: bluetooth_adapter_winrt.cc:1075 Getting Default Adapter failed.
3월 30, 2022 14:05:14.545 [144864:148516:0330/140514.545:ERROR:device_event_log_impl.cc(214)] [14:05:14.545] USB: usb_device_handle_win.cc:1049 Failed to read descriptor from node connection: 시스템에 부착된 장치가 작동하지 않습니다. (0x1F)
3월 30, 2022 14:05:14.549 [144864:148516:0330/140514.548:ERROR:device_event_log_impl.cc(214)] [14:05:14.548] USB: usb_device_handle_win.cc:1049 Failed to read descriptor from node connection: 시스템에 부착된 장치가 작동하지 않습니다. (0x1F)
3월 30, 2022 14:05:14.554 [144864:148516:0330/140514.553:ERROR:device_event_log_impl.cc(214)] [14:05:14.553] Bluetooth: bluetooth_adapter_winrt.cc:1075 Getting Default Adapter failed.
3월 30, 2022 14:14:41.701 [149412:146372:0330/141441.701:ERROR:device_event_log_impl.cc(214)] [14:14:41.701] USB: usb_device_handle_win.cc:1049 Failed to read descriptor from node connection: 시스템에 부착된 장치가 작동하지 않습니다. (0x1F)
3월 30, 2022 14:14:41.704 [149412:146372:0330/141441.704:ERROR:device_event_log_impl.cc(214)] [14:14:41.704] USB: usb_device_handle_win.cc:1049 Failed to read descriptor from node connection: 시스템에 부착된 장치가 작동하지 않습니다. (0x1F)
3월 30, 2022 14:14:41.708 [149412:146372:0330/141441.708:ERROR:device_event_log_impl.cc(214)] [14:14:41.708] Bluetooth: bluetooth_adapter_winrt.cc:1075 Getting Default Adapter failed.
3월 30, 2022 14:15:39.524 [149868:150360:0330/141539.524:ERROR:device_event_log_impl.cc(214)] [14:15:39.524] USB: usb_device_handle_win.cc:1049 Failed to read descriptor from node connection: 시스템에 부착된 장치가 작동하지 않습니다. (0x1F)
3월 30, 2022 14:15:39.527 [149868:150360:0330/141539.527:ERROR:device_event_log_impl.cc(214)] [14:15:39.527] USB: usb_device_handle_win.cc:1049 Failed to read descriptor from node connection: 시스템에 부착된 장치가 작동하지 않습니다. (0x1F)
3월 30, 2022 14:15:39.530 [149868:150360:0330/141539.530:ERROR:device_event_log_impl.cc(214)] [14:15:39.530] Bluetooth: bluetooth_adapter_winrt.cc:1075 Getting Default Adapter failed.
3월 30, 2022 14:17:22.123 [146920:151180:0330/141722.123:ERROR:device_event_log_impl.cc(214)] [14:17:22.123] USB: usb_device_handle_win.cc:1049 Failed to read descriptor from node connection: 시스템에 부착된 장치가 작동하지 않습니다. (0x1F)
3월 30, 2022 14:17:22.127 [146920:151180:0330/141722.126:ERROR:device_event_log_impl.cc(214)] [14:17:22.126] USB: usb_device_handle_win.cc:1049 Failed to read descriptor from node connection: 시스템에 부착된 장치가 작동하지 않습니다. (0x1F)
3월 30, 2022 14:17:22.133 [146920:151180:0330/141722.132:ERROR:device_event_log_impl.cc(214)] [14:17:22.132] Bluetooth: bluetooth_adapter_winrt.cc:1075 Getting Default Adapter failed.

3월 31, 2022 11:47:21.230 NEW SESSION
3월 31, 2022 11:47:21.230 [145416:136512:0331/114721.222:ERROR:device_event_log_impl.cc(214)] [11:47:21.222] USB: usb_device_handle_win.cc:1049 Failed to read descriptor from node connection: 시스템에 부착된 장치가 작동하지 않습니다. (0x1F)
3월 31, 2022 11:47:21.231 [145416:136512:0331/114721.224:ERROR:device_event_log_impl.cc(214)] [11:47:21.225] USB: usb_device_handle_win.cc:1049 Failed to read descriptor from node connection: 시스템에 부착된 장치가 작동하지 않습니다. (0x1F)
3월 31, 2022 11:47:21.233 [145416:136512:0331/114721.232:ERROR:device_event_log_impl.cc(214)] [11:47:21.233] Bluetooth: bluetooth_adapter_winrt.cc:1075 Getting Default Adapter failed.
3월 31, 2022 16:10:39.768 [145416:136512:0331/161039.767:ERROR:device_event_log_impl.cc(214)] [16:10:39.767] USB: usb_service_win.cc:260 Failed to get device driver name: 요소가 없습니다. (0x490)

4월 12, 2022 10:16:05.280 NEW SESSION
4월 12, 2022 10:16:05.280 [577712:420584:0412/101605.256:ERROR:device_event_log_impl.cc(214)] [10:16:05.257] Bluetooth: bluetooth_adapter_winrt.cc:1075 Getting Default Adapter failed.
4월 12, 2022 10:16:59.828 [577712:577992:0412/101659.792:ERROR:util.cc(126)] Can't create base directory: C:\Program Files\Google\GoogleUpdater
4월 12, 2022 15:16:59.975 [577712:604344:0412/151659.922:ERROR:util.cc(126)] Can't create base directory: C:\Program Files\Google\GoogleUpdater

4월 14, 2022 10:15:07.341 NEW SESSION
4월 14, 2022 10:15:07.341 [17752:17756:0414/101507.328:ERROR:device_event_log_impl.cc(214)] [10:15:07.328] USB: usb_device_handle_win.cc:1049 Failed to read descriptor from node connection: 시스템에 부착된 장치가 작동하지 않습니다. (0x1F)
4월 14, 2022 10:15:07.341 [17752:17756:0414/101507.330:ERROR:device_event_log_impl.cc(214)] [10:15:07.330] USB: usb_device_handle_win.cc:1049 Failed to read descriptor from node connection: 시스템에 부착된 장치가 작동하지 않습니다. (0x1F)
4월 14, 2022 10:15:07.342 [17752:17756:0414/101507.334:ERROR:device_event_log_impl.cc(214)] [10:15:07.334] Bluetooth: bluetooth_adapter_winrt.cc:1075 Getting Default Adapter failed.
4월 14, 2022 10:16:05.162 [17752:17868:0414/101605.162:ERROR:util.cc(126)] Can't create base directory: C:\Program Files\Google\GoogleUpdater

5월 02, 2022 12:10:01.996 NEW SESSION
5월 02, 2022 12:10:01.996 [521756:517412:0502/121001.929:ERROR:device_event_log_impl.cc(214)] [12:10:01.928] USB: usb_device_handle_win.cc:1049 Failed to read descriptor from node connection: 시스템에 부착된 장치가 작동하지 않습니다. (0x1F)
5월 02, 2022 12:10:02.197 [521756:517412:0502/121001.932:ERROR:device_event_log_impl.cc(214)] [12:10:01.931] USB: usb_device_handle_win.cc:1049 Failed to read descriptor from node connection: 시스템에 부착된 장치가 작동하지 않습니다. (0x1F)
5월 02, 2022 12:10:02.198 [521756:517412:0502/121001.954:ERROR:device_event_log_impl.cc(214)] [12:10:01.954] Bluetooth: bluetooth_adapter_winrt.cc:1075 Getting Default Adapter failed.
5월 02, 2022 12:10:59.767 [521756:521016:0502/121059.766:ERROR:util.cc(126)] Can't create base directory: C:\Program Files\Google\GoogleUpdater

5월 04, 2022 10:22:13.508 NEW SESSION
5월 04, 2022 10:22:13.508 [618704:613960:0504/102212.052:ERROR:device_event_log_impl.cc(214)] [10:22:12.053] USB: usb_device_handle_win.cc:1049 Failed to read descriptor from node connection: 시스템에 부착된 장치가 작동하지 않습니다. (0x1F)
5월 04, 2022 10:22:13.617 [618704:613960:0504/102212.055:ERROR:device_event_log_impl.cc(214)] [10:22:12.055] USB: usb_device_handle_win.cc:1049 Failed to read descriptor from node connection: 시스템에 부착된 장치가 작동하지 않습니다. (0x1F)
5월 04, 2022 10:22:16.520 [618704:613960:0504/102216.520:ERROR:device_event_log_impl.cc(214)] [10:22:16.520] Bluetooth: bluetooth_adapter_winrt.cc:1075 Getting Default Adapter failed.
5월 04, 2022 10:23:14.522 [618704:612400:0504/102314.522:ERROR:util.cc(126)] Can't create base directory: C:\Program Files\Google\GoogleUpdater
5월 04, 2022 10:29:56.763 [618704:620088:0504/102956.762:ERROR:database.cc(1782)] Passwords SQLite error: code 2067 errno 0: UNIQUE constraint failed: logins.origin_url, logins.username_element, logins.username_value, logins.password_element, logins.signon_realm sql: INSERT INTO logins (origin_url, action_url, username_element, username_value, password_element, password_value, submit_element, signon_realm, date_created, blacklisted_by_user, scheme, password_type, times_used, form_data, display_name, icon_url, federation_url, skip_zero_click, generation_upload_status, possible_username_pairs, id, date_last_used, moving_blocked_for, date_password_modified) VALUES (?,?,?,?,?,?,?,?,?,?,?,?,?,?,?,?,?,?,?,?,?,?,?,?)
5월 04, 2022 10:50:35.508 [620320:615892:0504/105035.251:ERROR:device_event_log_impl.cc(214)] [10:50:35.251] USB: usb_device_handle_win.cc:1049 Failed to read descriptor from node connection: 시스템에 부착된 장치가 작동하지 않습니다. (0x1F)
5월 04, 2022 10:50:35.655 [620320:615892:0504/105035.254:ERROR:device_event_log_impl.cc(214)] [10:50:35.253] USB: usb_device_handle_win.cc:1049 Failed to read descriptor from node connection: 시스템에 부착된 장치가 작동하지 않습니다. (0x1F)
5월 04, 2022 10:50:35.655 [620320:615892:0504/105035.256:ERROR:device_event_log_impl.cc(214)] [10:50:35.256] Bluetooth: bluetooth_adapter_winrt.cc:1075 Getting Default Adapter failed.
5월 04, 2022 10:51:30.925 [620320:613576:0504/105130.925:ERROR:util.cc(126)] Can't create base directory: C:\Program Files\Google\GoogleUpdater
5월 04, 2022 11:14:16.340 [570796:619772:0504/111416.339:ERROR:device_event_log_impl.cc(214)] [11:14:16.339] USB: usb_device_handle_win.cc:1049 Failed to read descriptor from node connection: 시스템에 부착된 장치가 작동하지 않습니다. (0x1F)
5월 04, 2022 11:14:16.388 [570796:619772:0504/111416.342:ERROR:device_event_log_impl.cc(214)] [11:14:16.342] USB: usb_device_handle_win.cc:1049 Failed to read descriptor from node connection: 시스템에 부착된 장치가 작동하지 않습니다. (0x1F)
5월 04, 2022 11:14:20.32 [570796:619772:0504/111418.153:ERROR:device_event_log_impl.cc(214)] [11:14:18.153] Bluetooth: bluetooth_adapter_winrt.cc:1075 Getting Default Adapter failed.
5월 04, 2022 11:15:05.800 [570796:621640:0504/111505.799:ERROR:database.cc(1782)] Passwords SQLite error: code 2067 errno 0: UNIQUE constraint failed: logins.origin_url, logins.username_element, logins.username_value, logins.password_element, logins.signon_realm sql: INSERT INTO logins (origin_url, action_url, username_element, username_value, password_element, password_value, submit_element, signon_realm, date_created, blacklisted_by_user, scheme, password_type, times_used, form_data, display_name, icon_url, federation_url, skip_zero_click, generation_upload_status, possible_username_pairs, id, date_last_used, moving_blocked_for, date_password_modified) VALUES (?,?,?,?,?,?,?,?,?,?,?,?,?,?,?,?,?,?,?,?,?,?,?,?)
5월 04, 2022 11:15:11.13 [570796:622368:0504/111511.013:ERROR:util.cc(126)] Can't create base directory: C:\Program Files\Google\GoogleUpdater
5월 04, 2022 11:18:11.49 [576608:622700:0504/111811.049:ERROR:device_event_log_impl.cc(214)] [11:18:11.048] USB: usb_device_handle_win.cc:1049 Failed to read descriptor from node connection: 시스템에 부착된 장치가 작동하지 않습니다. (0x1F)
5월 04, 2022 11:18:11.167 [576608:622700:0504/111811.051:ERROR:device_event_log_impl.cc(214)] [11:18:11.050] USB: usb_device_handle_win.cc:1049 Failed to read descriptor from node connection: 시스템에 부착된 장치가 작동하지 않습니다. (0x1F)
5월 04, 2022 11:18:13.129 [576608:622700:0504/111813.128:ERROR:device_event_log_impl.cc(214)] [11:18:13.128] Bluetooth: bluetooth_adapter_winrt.cc:1075 Getting Default Adapter failed.
5월 04, 2022 11:19:06.173 [576608:620780:0504/111906.173:ERROR:util.cc(126)] Can't create base directory: C:\Program Files\Google\GoogleUpdater
5월 04, 2022 11:23:55.36 [622544:625236:0504/112355.036:ERROR:device_event_log_impl.cc(214)] [11:23:55.036] USB: usb_device_handle_win.cc:1049 Failed to read descriptor from node connection: 시스템에 부착된 장치가 작동하지 않습니다. (0x1F)
5월 04, 2022 11:23:55.376 [622544:625236:0504/112355.038:ERROR:device_event_log_impl.cc(214)] [11:23:55.038] USB: usb_device_handle_win.cc:1049 Failed to read descriptor from node connection: 시스템에 부착된 장치가 작동하지 않습니다. (0x1F)
5월 04, 2022 11:23:58.886 [622544:625236:0504/112358.722:ERROR:device_event_log_impl.cc(214)] [11:23:58.722] Bluetooth: bluetooth_adapter_winrt.cc:1075 Getting Default Adapter failed.
5월 04, 2022 11:24:45.591 [622544:619732:0504/112445.591:ERROR:util.cc(126)] Can't create base directory: C:\Program Files\Google\GoogleUpdater
5월 04, 2022 11:32:39.687 [625324:621776:0504/113239.687:ERROR:device_event_log_impl.cc(214)] [11:32:39.687] USB: usb_device_handle_win.cc:1049 Failed to read descriptor from node connection: 시스템에 부착된 장치가 작동하지 않습니다. (0x1F)
5월 04, 2022 11:32:39.974 [625324:621776:0504/113239.974:ERROR:device_event_log_impl.cc(214)] [11:32:39.974] USB: usb_device_handle_win.cc:1049 Failed to read descriptor from node connection: 시스템에 부착된 장치가 작동하지 않습니다. (0x1F)
5월 04, 2022 11:32:41.229 [625324:621776:0504/113241.228:ERROR:device_event_log_impl.cc(214)] [11:32:41.229] Bluetooth: bluetooth_adapter_winrt.cc:1075 Getting Default Adapter failed.
5월 04, 2022 11:33:33.615 [625324:621800:0504/113333.615:ERROR:util.cc(126)] Can't create base directory: C:\Program Files\Google\GoogleUpdater
5월 04, 2022 12:14:21.854 [621056:629216:0504/121421.769:ERROR:device_event_log_impl.cc(214)] [12:14:21.769] USB: usb_device_handle_win.cc:1049 Failed to read descriptor from node connection: 시스템에 부착된 장치가 작동하지 않습니다. (0x1F)
5월 04, 2022 12:14:21.945 [621056:629216:0504/121421.944:ERROR:device_event_log_impl.cc(214)] [12:14:21.944] USB: usb_device_handle_win.cc:1049 Failed to read descriptor from node connection: 시스템에 부착된 장치가 작동하지 않습니다. (0x1F)
5월 04, 2022 12:14:28.554 [621056:629216:0504/121428.554:ERROR:device_event_log_impl.cc(214)] [12:14:28.554] Bluetooth: bluetooth_adapter_winrt.cc:1075 Getting Default Adapter failed.
5월 04, 2022 12:15:22.549 [621056:628604:0504/121522.530:ERROR:database.cc(1782)] Passwords SQLite error: code 2067 errno 0: UNIQUE constraint failed: logins.origin_url, logins.username_element, logins.username_value, logins.password_element, logins.signon_realm sql: INSERT INTO logins (origin_url, action_url, username_element, username_value, password_element, password_value, submit_element, signon_realm, date_created, blacklisted_by_user, scheme, password_type, times_used, form_data, display_name, icon_url, federation_url, skip_zero_click, generation_upload_status, possible_username_pairs, id, date_last_used, moving_blocked_for, date_password_modified) VALUES (?,?,?,?,?,?,?,?,?,?,?,?,?,?,?,?,?,?,?,?,?,?,?,?)
5월 04, 2022 12:15:47.706 [621056:624500:0504/121547.706:ERROR:util.cc(126)] Can't create base directory: C:\Program Files\Google\GoogleUpdater

5월 09, 2022 09:27:41.325 NEW SESSION
5월 09, 2022 09:27:41.325 [87424:87476:0509/092741.298:ERROR:device_event_log_impl.cc(214)] [09:27:41.298] USB: usb_device_handle_win.cc:1049 Failed to read descriptor from node connection: 시스템에 부착된 장치가 작동하지 않습니다. (0x1F)
5월 09, 2022 09:27:41.326 [87424:87476:0509/092741.301:ERROR:device_event_log_impl.cc(214)] [09:27:41.300] USB: usb_device_handle_win.cc:1049 Failed to read descriptor from node connection: 시스템에 부착된 장치가 작동하지 않습니다. (0x1F)
5월 09, 2022 09:27:41.326 [87424:87476:0509/092741.306:ERROR:device_event_log_impl.cc(214)] [09:27:41.305] Bluetooth: bluetooth_adapter_winrt.cc:1075 Getting Default Adapter failed.
5월 09, 2022 09:28:38.599 [87424:12748:0509/092838.598:ERROR:util.cc(126)] Can't create base directory: C:\Program Files\Google\GoogleUpdater
5월 09, 2022 10:13:28.372 [89872:90884:0509/101328.372:ERROR:device_event_log_impl.cc(214)] [10:13:28.371] USB: usb_device_handle_win.cc:1049 Failed to read descriptor from node connection: 시스템에 부착된 장치가 작동하지 않습니다. (0x1F)
5월 09, 2022 10:13:28.374 [89872:90884:0509/101328.374:ERROR:device_event_log_impl.cc(214)] [10:13:28.374] USB: usb_device_handle_win.cc:1049 Failed to read descriptor from node connection: 시스템에 부착된 장치가 작동하지 않습니다. (0x1F)
5월 09, 2022 10:13:28.382 [89872:90884:0509/101328.382:ERROR:device_event_log_impl.cc(214)] [10:13:28.382] Bluetooth: bluetooth_adapter_winrt.cc:1075 Getting Default Adapter failed.
5월 09, 2022 10:14:26.150 [89872:86444:0509/101426.150:ERROR:util.cc(126)] Can't create base directory: C:\Program Files\Google\GoogleUpdater
